This is pdfTeX, Version 3.14159265-2.6-1.40.20 (TeX Live 2019/Debian) (preloaded format=pdflatex 2024.3.15)  30 MAY 2025 15:43
entering extended mode
 restricted \write18 enabled.
 file:line:error style messages enabled.
 %&-line parsing enabled.
**/mnt/datadisk/Jordan/Delivrables/Rapports/Rapport_stage/LATEX_rapport_stage/main.tex
(/mnt/datadisk/Jordan/Delivrables/Rapports/Rapport_stage/LATEX_rapport_stage/main.tex
LaTeX2e <2020-02-02> patch level 2
L3 programming layer <2020-02-14> (/usr/share/texlive/texmf-dist/tex/latex/base/article.cls
Document Class: article 2019/12/20 v1.4l Standard LaTeX document class
(/usr/share/texlive/texmf-dist/tex/latex/base/size11.clo
File: size11.clo 2019/12/20 v1.4l Standard LaTeX file (size option)
)
\c@part=\count167
\c@section=\count168
\c@subsection=\count169
\c@subsubsection=\count170
\c@paragraph=\count171
\c@subparagraph=\count172
\c@figure=\count173
\c@table=\count174
\abovecaptionskip=\skip47
\belowcaptionskip=\skip48
\bibindent=\dimen134
) (/usr/share/texlive/texmf-dist/tex/latex/base/inputenc.sty
Package: inputenc 2018/08/11 v1.3c Input encoding file
\inpenc@prehook=\toks14
\inpenc@posthook=\toks15
) (/usr/share/texlive/texmf-dist/tex/latex/base/fontenc.sty
Package: fontenc 2020/02/11 v2.0o Standard LaTeX package
) (/usr/share/texlive/texmf-dist/tex/generic/babel/babel.sty
Package: babel 2020/02/14 3.40 The Babel package
 (/usr/share/texlive/texmf-dist/tex/generic/babel/switch.def
File: switch.def 2020/02/14 3.40 Babel switching mechanism
) (/usr/share/texlive/texmf-dist/tex/generic/babel-french/french.ldf
Language: french 2020/01/30 v3.5g French support from the babel system
 (/usr/share/texlive/texmf-dist/tex/generic/babel/babel.def
File: babel.def 2020/02/14 3.40 Babel common definitions
\babel@savecnt=\count175
\U@D=\dimen135
 (/usr/share/texlive/texmf-dist/tex/generic/babel/txtbabel.def)
\bbl@readstream=\read2
\bbl@dirlevel=\count176
)
Package babel Info: \l@acadian = using hyphenrules for french
(babel)             (\language72) on input line 91.
Package babel Info: \l@canadien = using hyphenrules for french
(babel)             (\language72) on input line 92.
\FB@nonchar=\count177
Package babel Info: Making : an active character on input line 419.
Package babel Info: Making ; an active character on input line 420.
Package babel Info: Making ! an active character on input line 421.
Package babel Info: Making ? an active character on input line 422.
\FBguill@level=\count178
\FBold@everypar=\toks16
\FB@Mht=\dimen136
\mc@charclass=\count179
\mc@charfam=\count180
\mc@charslot=\count181
\std@mcc=\count182
\dec@mcc=\count183
\c@FBcaption@count=\count184
\listindentFB=\dimen137
\descindentFB=\dimen138
\labelindentFB=\dimen139
\labelwidthFB=\dimen140
\leftmarginFB=\dimen141
\parindentFFN=\dimen142
\FBfnindent=\dimen143
)) (/usr/share/texlive/texmf-dist/tex/latex/carlisle/scalefnt.sty) (/usr/share/texlive/texmf-dist/tex/latex/graphics/keyval.sty
Package: keyval 2014/10/28 v1.15 key=value parser (DPC)
\KV@toks@=\toks17
) (/usr/share/texlive/texmf-dist/tex/latex/graphics/graphicx.sty
Package: graphicx 2019/11/30 v1.2a Enhanced LaTeX Graphics (DPC,SPQR)
 (/usr/share/texlive/texmf-dist/tex/latex/graphics/graphics.sty
Package: graphics 2019/11/30 v1.4a Standard LaTeX Graphics (DPC,SPQR)
 (/usr/share/texlive/texmf-dist/tex/latex/graphics/trig.sty
Package: trig 2016/01/03 v1.10 sin cos tan (DPC)
) (/usr/share/texlive/texmf-dist/tex/latex/graphics-cfg/graphics.cfg
File: graphics.cfg 2016/06/04 v1.11 sample graphics configuration
)
Package graphics Info: Driver file: pdftex.def on input line 105.
 (/usr/share/texlive/texmf-dist/tex/latex/graphics-def/pdftex.def
File: pdftex.def 2018/01/08 v1.0l Graphics/color driver for pdftex
))
\Gin@req@height=\dimen144
\Gin@req@width=\dimen145
) (/usr/share/texlive/texmf-dist/tex/latex/geometry/geometry.sty
Package: geometry 2020/01/02 v5.9 Page Geometry
 (/usr/share/texlive/texmf-dist/tex/generic/iftex/ifvtex.sty
Package: ifvtex 2019/10/25 v1.7 ifvtex legacy package. Use iftex instead.
 (/usr/share/texlive/texmf-dist/tex/generic/iftex/iftex.sty
Package: iftex 2019/11/07 v1.0c TeX engine tests
))
\Gm@cnth=\count185
\Gm@cntv=\count186
\c@Gm@tempcnt=\count187
\Gm@bindingoffset=\dimen146
\Gm@wd@mp=\dimen147
\Gm@odd@mp=\dimen148
\Gm@even@mp=\dimen149
\Gm@layoutwidth=\dimen150
\Gm@layoutheight=\dimen151
\Gm@layouthoffset=\dimen152
\Gm@layoutvoffset=\dimen153
\Gm@dimlist=\toks18
) (/usr/share/texmf/tex/latex/lm/lmodern.sty
Package: lmodern 2009/10/30 v1.6 Latin Modern Fonts
LaTeX Font Info:    Overwriting symbol font `operators' in version `normal'
(Font)                  OT1/cmr/m/n --> OT1/lmr/m/n on input line 22.
LaTeX Font Info:    Overwriting symbol font `letters' in version `normal'
(Font)                  OML/cmm/m/it --> OML/lmm/m/it on input line 23.
LaTeX Font Info:    Overwriting symbol font `symbols' in version `normal'
(Font)                  OMS/cmsy/m/n --> OMS/lmsy/m/n on input line 24.
LaTeX Font Info:    Overwriting symbol font `largesymbols' in version `normal'
(Font)                  OMX/cmex/m/n --> OMX/lmex/m/n on input line 25.
LaTeX Font Info:    Overwriting symbol font `operators' in version `bold'
(Font)                  OT1/cmr/bx/n --> OT1/lmr/bx/n on input line 26.
LaTeX Font Info:    Overwriting symbol font `letters' in version `bold'
(Font)                  OML/cmm/b/it --> OML/lmm/b/it on input line 27.
LaTeX Font Info:    Overwriting symbol font `symbols' in version `bold'
(Font)                  OMS/cmsy/b/n --> OMS/lmsy/b/n on input line 28.
LaTeX Font Info:    Overwriting symbol font `largesymbols' in version `bold'
(Font)                  OMX/cmex/m/n --> OMX/lmex/m/n on input line 29.
LaTeX Font Info:    Overwriting math alphabet `\mathbf' in version `normal'
(Font)                  OT1/cmr/bx/n --> OT1/lmr/bx/n on input line 31.
LaTeX Font Info:    Overwriting math alphabet `\mathsf' in version `normal'
(Font)                  OT1/cmss/m/n --> OT1/lmss/m/n on input line 32.
LaTeX Font Info:    Overwriting math alphabet `\mathit' in version `normal'
(Font)                  OT1/cmr/m/it --> OT1/lmr/m/it on input line 33.
LaTeX Font Info:    Overwriting math alphabet `\mathtt' in version `normal'
(Font)                  OT1/cmtt/m/n --> OT1/lmtt/m/n on input line 34.
LaTeX Font Info:    Overwriting math alphabet `\mathbf' in version `bold'
(Font)                  OT1/cmr/bx/n --> OT1/lmr/bx/n on input line 35.
LaTeX Font Info:    Overwriting math alphabet `\mathsf' in version `bold'
(Font)                  OT1/cmss/bx/n --> OT1/lmss/bx/n on input line 36.
LaTeX Font Info:    Overwriting math alphabet `\mathit' in version `bold'
(Font)                  OT1/cmr/bx/it --> OT1/lmr/bx/it on input line 37.
LaTeX Font Info:    Overwriting math alphabet `\mathtt' in version `bold'
(Font)                  OT1/cmtt/m/n --> OT1/lmtt/m/n on input line 38.
) (/usr/share/texlive/texmf-dist/tex/latex/setspace/setspace.sty
Package: setspace 2011/12/19 v6.7a set line spacing
) (/usr/share/texlive/texmf-dist/tex/latex/titling/titling.sty
Package: titling 2009/09/04 v2.1d maketitle typesetting
\thanksmarkwidth=\skip49
\thanksmargin=\skip50
\droptitle=\skip51
) (/usr/share/texlive/texmf-dist/tex/latex/url/url.sty
\Urlmuskip=\muskip16
Package: url 2013/09/16  ver 3.4  Verb mode for urls, etc.
) (/usr/share/texlive/texmf-dist/tex/latex/hyperref/hyperref.sty
Package: hyperref 2020/01/14 v7.00d Hypertext links for LaTeX
 (/usr/share/texlive/texmf-dist/tex/generic/ltxcmds/ltxcmds.sty
Package: ltxcmds 2019/12/15 v1.24 LaTeX kernel commands for general use (HO)
) (/usr/share/texlive/texmf-dist/tex/latex/pdftexcmds/pdftexcmds.sty
Package: pdftexcmds 2019/11/24 v0.31 Utility functions of pdfTeX for LuaTeX (HO)
 (/usr/share/texlive/texmf-dist/tex/generic/infwarerr/infwarerr.sty
Package: infwarerr 2019/12/03 v1.5 Providing info/warning/error messages (HO)
)
Package pdftexcmds Info: \pdf@primitive is available.
Package pdftexcmds Info: \pdf@ifprimitive is available.
Package pdftexcmds Info: \pdfdraftmode found.
) (/usr/share/texlive/texmf-dist/tex/generic/kvsetkeys/kvsetkeys.sty
Package: kvsetkeys 2019/12/15 v1.18 Key value parser (HO)
) (/usr/share/texlive/texmf-dist/tex/generic/kvdefinekeys/kvdefinekeys.sty
Package: kvdefinekeys 2019-12-19 v1.6 Define keys (HO)
) (/usr/share/texlive/texmf-dist/tex/generic/pdfescape/pdfescape.sty
Package: pdfescape 2019/12/09 v1.15 Implements pdfTeX's escape features (HO)
) (/usr/share/texlive/texmf-dist/tex/latex/hycolor/hycolor.sty
Package: hycolor 2020-01-27 v1.10 Color options for hyperref/bookmark (HO)
) (/usr/share/texlive/texmf-dist/tex/latex/letltxmacro/letltxmacro.sty
Package: letltxmacro 2019/12/03 v1.6 Let assignment for LaTeX macros (HO)
) (/usr/share/texlive/texmf-dist/tex/latex/auxhook/auxhook.sty
Package: auxhook 2019-12-17 v1.6 Hooks for auxiliary files (HO)
) (/usr/share/texlive/texmf-dist/tex/latex/kvoptions/kvoptions.sty
Package: kvoptions 2019/11/29 v3.13 Key value format for package options (HO)
)
\@linkdim=\dimen154
\Hy@linkcounter=\count188
\Hy@pagecounter=\count189
 (/usr/share/texlive/texmf-dist/tex/latex/hyperref/pd1enc.def
File: pd1enc.def 2020/01/14 v7.00d Hyperref: PDFDocEncoding definition (HO)
Now handling font encoding PD1 ...
... no UTF-8 mapping file for font encoding PD1
) (/usr/share/texlive/texmf-dist/tex/generic/intcalc/intcalc.sty
Package: intcalc 2019/12/15 v1.3 Expandable calculations with integers (HO)
) (/usr/share/texlive/texmf-dist/tex/generic/etexcmds/etexcmds.sty
Package: etexcmds 2019/12/15 v1.7 Avoid name clashes with e-TeX commands (HO)
)
\Hy@SavedSpaceFactor=\count190
\pdfmajorversion=\count191
Package hyperref Info: Hyper figures OFF on input line 4547.
Package hyperref Info: Link nesting OFF on input line 4552.
Package hyperref Info: Hyper index ON on input line 4555.
Package hyperref Info: Plain pages OFF on input line 4562.
Package hyperref Info: Backreferencing OFF on input line 4567.
Package hyperref Info: Implicit mode ON; LaTeX internals redefined.
Package hyperref Info: Bookmarks ON on input line 4800.
\c@Hy@tempcnt=\count192
LaTeX Info: Redefining \url on input line 5159.
\XeTeXLinkMargin=\dimen155
 (/usr/share/texlive/texmf-dist/tex/generic/bitset/bitset.sty
Package: bitset 2019/12/09 v1.3 Handle bit-vector datatype (HO)
 (/usr/share/texlive/texmf-dist/tex/generic/bigintcalc/bigintcalc.sty
Package: bigintcalc 2019/12/15 v1.5 Expandable calculations on big integers (HO)
))
\Fld@menulength=\count193
\Field@Width=\dimen156
\Fld@charsize=\dimen157
Package hyperref Info: Hyper figures OFF on input line 6430.
Package hyperref Info: Link nesting OFF on input line 6435.
Package hyperref Info: Hyper index ON on input line 6438.
Package hyperref Info: backreferencing OFF on input line 6445.
Package hyperref Info: Link coloring OFF on input line 6450.
Package hyperref Info: Link coloring with OCG OFF on input line 6455.
Package hyperref Info: PDF/A mode OFF on input line 6460.
LaTeX Info: Redefining \ref on input line 6500.
LaTeX Info: Redefining \pageref on input line 6504.
 (/usr/share/texlive/texmf-dist/tex/generic/atbegshi/atbegshi.sty
Package: atbegshi 2019/12/05 v1.19 At begin shipout hook (HO)
)
\Hy@abspage=\count194
\c@Item=\count195
\c@Hfootnote=\count196
)
Package hyperref Info: Driver (autodetected): hpdftex.
 (/usr/share/texlive/texmf-dist/tex/latex/hyperref/hpdftex.def
File: hpdftex.def 2020/01/14 v7.00d Hyperref driver for pdfTeX
 (/usr/share/texlive/texmf-dist/tex/latex/atveryend/atveryend.sty
Package: atveryend 2019-12-11 v1.11 Hooks at the very end of document (HO)
Package atveryend Info: \enddocument detected (standard20110627).
)
\Fld@listcount=\count197
\c@bookmark@seq@number=\count198
 (/usr/share/texlive/texmf-dist/tex/latex/rerunfilecheck/rerunfilecheck.sty
Package: rerunfilecheck 2019/12/05 v1.9 Rerun checks for auxiliary files (HO)
 (/usr/share/texlive/texmf-dist/tex/generic/uniquecounter/uniquecounter.sty
Package: uniquecounter 2019/12/15 v1.4 Provide unlimited unique counter (HO)
)
Package uniquecounter Info: New unique counter `rerunfilecheck' on input line 286.
)
\Hy@SectionHShift=\skip52
) (/usr/share/texlive/texmf-dist/tex/latex/float/float.sty
Package: float 2001/11/08 v1.3d Float enhancements (AL)
\c@float@type=\count199
\float@exts=\toks19
\float@box=\box45
\@float@everytoks=\toks20
\@floatcapt=\box46
) (/usr/share/texlive/texmf-dist/tex/latex/caption/caption.sty
Package: caption 2020/01/03 v3.4h Customizing captions (AR)
 (/usr/share/texlive/texmf-dist/tex/latex/caption/caption3.sty
Package: caption3 2020/01/03 v1.8h caption3 kernel (AR)
Package caption3 Info: TeX engine: e-TeX on input line 61.
\captionmargin=\dimen158
\captionmargin@=\dimen159
\captionwidth=\dimen160
\caption@tempdima=\dimen161
\caption@indent=\dimen162
\caption@parindent=\dimen163
\caption@hangindent=\dimen164
Package caption Info: Standard document class detected.
)
\c@caption@flags=\count266
\c@continuedfloat=\count267
Package caption Info: float package is loaded.
Package caption Info: hyperref package is loaded.
) (/usr/share/texlive/texmf-dist/tex/latex/l3backend/l3backend-pdfmode.def
File: l3backend-pdfmode.def 2020-02-03 L3 backend support: PDF mode
\l__kernel_color_stack_int=\count268
\l__pdf_internal_box=\box47
) (/mnt/datadisk/Jordan/Delivrables/Rapports/Rapport_stage/LATEX_rapport_stage/main.aux)
\openout1 = `main.aux'.

LaTeX Font Info:    Checking defaults for OML/cmm/m/it on input line 22.
LaTeX Font Info:    ... okay on input line 22.
LaTeX Font Info:    Checking defaults for OMS/cmsy/m/n on input line 22.
LaTeX Font Info:    ... okay on input line 22.
LaTeX Font Info:    Checking defaults for OT1/cmr/m/n on input line 22.
LaTeX Font Info:    ... okay on input line 22.
LaTeX Font Info:    Checking defaults for T1/cmr/m/n on input line 22.
LaTeX Font Info:    ... okay on input line 22.
LaTeX Font Info:    Checking defaults for TS1/cmr/m/n on input line 22.
LaTeX Font Info:    ... okay on input line 22.
LaTeX Font Info:    Checking defaults for OMX/cmex/m/n on input line 22.
LaTeX Font Info:    ... okay on input line 22.
LaTeX Font Info:    Checking defaults for U/cmr/m/n on input line 22.
LaTeX Font Info:    ... okay on input line 22.
LaTeX Font Info:    Checking defaults for PD1/pdf/m/n on input line 22.
LaTeX Font Info:    ... okay on input line 22.
LaTeX Font Info:    Trying to load font information for T1+lmr on input line 22.
 (/usr/share/texmf/tex/latex/lm/t1lmr.fd
File: t1lmr.fd 2009/10/30 v1.6 Font defs for Latin Modern
)
LaTeX Info: Redefining \degres on input line 22.
LaTeX Info: Redefining \dots on input line 22.
LaTeX Info: Redefining \up on input line 22.
 (/usr/share/texlive/texmf-dist/tex/context/base/mkii/supp-pdf.mkii
[Loading MPS to PDF converter (version 2006.09.02).]
\scratchcounter=\count269
\scratchdimen=\dimen165
\scratchbox=\box48
\nofMPsegments=\count270
\nofMParguments=\count271
\everyMPshowfont=\toks21
\MPscratchCnt=\count272
\MPscratchDim=\dimen166
\MPnumerator=\count273
\makeMPintoPDFobject=\count274
\everyMPtoPDFconversion=\toks22
) (/usr/share/texlive/texmf-dist/tex/latex/epstopdf-pkg/epstopdf-base.sty
Package: epstopdf-base 2020-01-24 v2.11 Base part for package epstopdf
Package epstopdf-base Info: Redefining graphics rule for `.eps' on input line 485.
 (/usr/share/texlive/texmf-dist/tex/latex/latexconfig/epstopdf-sys.cfg
File: epstopdf-sys.cfg 2010/07/13 v1.3 Configuration of (r)epstopdf for TeX Live
))
*geometry* driver: auto-detecting
*geometry* detected driver: pdftex
*geometry* verbose mode - [ preamble ] result:
* driver: pdftex
* paper: a4paper
* layout: <same size as paper>
* layoutoffset:(h,v)=(0.0pt,0.0pt)
* modes: 
* h-part:(L,W,R)=(71.13188pt, 455.24411pt, 71.13188pt)
* v-part:(T,H,B)=(71.13188pt, 702.78308pt, 71.13188pt)
* \paperwidth=597.50787pt
* \paperheight=845.04684pt
* \textwidth=455.24411pt
* \textheight=702.78308pt
* \oddsidemargin=-1.1381pt
* \evensidemargin=-1.1381pt
* \topmargin=-38.1381pt
* \headheight=12.0pt
* \headsep=25.0pt
* \topskip=11.0pt
* \footskip=30.0pt
* \marginparwidth=59.0pt
* \marginparsep=10.0pt
* \columnsep=10.0pt
* \skip\footins=10.0pt plus 4.0pt minus 2.0pt
* \hoffset=0.0pt
* \voffset=0.0pt
* \mag=1000
* \@twocolumnfalse
* \@twosidefalse
* \@mparswitchfalse
* \@reversemarginfalse
* (1in=72.27pt=25.4mm, 1cm=28.453pt)

\AtBeginShipoutBox=\box49
Package hyperref Info: Link coloring OFF on input line 22.
(/usr/share/texlive/texmf-dist/tex/latex/hyperref/nameref.sty
Package: nameref 2019/09/16 v2.46 Cross-referencing by name of section
 (/usr/share/texlive/texmf-dist/tex/latex/refcount/refcount.sty
Package: refcount 2019/12/15 v3.6 Data extraction from label references (HO)
) (/usr/share/texlive/texmf-dist/tex/generic/gettitlestring/gettitlestring.sty
Package: gettitlestring 2019/12/15 v1.6 Cleanup title references (HO)
)
\c@section@level=\count275
)
LaTeX Info: Redefining \ref on input line 22.
LaTeX Info: Redefining \pageref on input line 22.
LaTeX Info: Redefining \nameref on input line 22.
 (/mnt/datadisk/Jordan/Delivrables/Rapports/Rapport_stage/LATEX_rapport_stage/main.out) (/mnt/datadisk/Jordan/Delivrables/Rapports/Rapport_stage/LATEX_rapport_stage/main.out)
\@outlinefile=\write3
\openout3 = `main.out'.

Package caption Info: Begin \AtBeginDocument code.
Package caption Info: End \AtBeginDocument code.
<logos.jpg, id=140, 2038.61626pt x 532.99126pt>
File: logos.jpg Graphic file (type jpg)
<use logos.jpg>
Package pdftex.def Info: logos.jpg  used on input line 29.
(pdftex.def)             Requested size: 364.19667pt x 95.2186pt.
 [1

{/var/lib/texmf/fonts/map/pdftex/updmap/pdftex.map} </mnt/datadisk/Jordan/Delivrables/Rapports/Rapport_stage/LATEX_rapport_stage/logos.jpg>]pdfTeX warning (ext4): destination with the same identifier (name{page.1}) has been already used, duplicate ignored
<to be read again> 
                   \relax 
l.85 \end{titlepage}
                     [1] (/mnt/datadisk/Jordan/Delivrables/Rapports/Rapport_stage/LATEX_rapport_stage/main.toc
LaTeX Font Info:    Trying to load font information for OT1+lmr on input line 5.
 (/usr/share/texmf/tex/latex/lm/ot1lmr.fd
File: ot1lmr.fd 2009/10/30 v1.6 Font defs for Latin Modern
)
LaTeX Font Info:    Trying to load font information for OML+lmm on input line 5.
 (/usr/share/texmf/tex/latex/lm/omllmm.fd
File: omllmm.fd 2009/10/30 v1.6 Font defs for Latin Modern
)
LaTeX Font Info:    Trying to load font information for OMS+lmsy on input line 5.
 (/usr/share/texmf/tex/latex/lm/omslmsy.fd
File: omslmsy.fd 2009/10/30 v1.6 Font defs for Latin Modern
)
LaTeX Font Info:    Trying to load font information for OMX+lmex on input line 5.
 (/usr/share/texmf/tex/latex/lm/omxlmex.fd
File: omxlmex.fd 2009/10/30 v1.6 Font defs for Latin Modern
)
LaTeX Font Info:    External font `lmex10' loaded for size
(Font)              <10.95> on input line 5.
LaTeX Font Info:    External font `lmex10' loaded for size
(Font)              <8> on input line 5.
LaTeX Font Info:    External font `lmex10' loaded for size
(Font)              <6> on input line 5.
)
\tf@toc=\write4
\openout4 = `main.toc'.

pdfTeX warning (ext4): destination with the same identifier (name{page.1}) has been already used, duplicate ignored
<to be read again> 
                   \relax 
l.90 \newpage
              [1] (/mnt/datadisk/Jordan/Delivrables/Rapports/Rapport_stage/LATEX_rapport_stage/main.lof)
\tf@lof=\write5
\openout5 = `main.lof'.

 (/mnt/datadisk/Jordan/Delivrables/Rapports/Rapport_stage/LATEX_rapport_stage/main.lot)
\tf@lot=\write6
\openout6 = `main.lot'.

 [2] [3] [4] [5]
<../Figures/Sans_l√©gendes/Fig1_pierre.png, id=256, 609.77812pt x 506.6428pt>
File: ../Figures/Sans_l√©gendes/Fig1_pierre.png Graphic file (type png)
<use ../Figures/Sans_l√©gendes/Fig1_pierre.png>
Package pdftex.def Info: ../Figures/Sans_l√©gendes/Fig1_pierre.png  used on input line 163.
(pdftex.def)             Requested size: 455.25757pt x 378.25722pt.
 [6 <../Figures/Sans_l√©gendes/Fig1_pierre.png>] [7]
LaTeX Font Info:    Trying to load font information for TS1+lmr on input line 198.
 (/usr/share/texmf/tex/latex/lm/ts1lmr.fd
File: ts1lmr.fd 2009/10/30 v1.6 Font defs for Latin Modern
)
<../Figures/Sans_l√©gendes/Table1.png, id=274, 1326.9575pt x 553.06625pt>
File: ../Figures/Sans_l√©gendes/Table1.png Graphic file (type png)
<use ../Figures/Sans_l√©gendes/Table1.png>
Package pdftex.def Info: ../Figures/Sans_l√©gendes/Table1.png  used on input line 208.
(pdftex.def)             Requested size: 455.24962pt x 189.74474pt.
 [8] [9 <../Figures/Sans_l√©gendes/Table1.png>]
Underfull \hbox (badness 10000) in paragraph at lines 230--231

 []


Underfull \hbox (badness 10000) in paragraph at lines 232--233

 []

[10] [11] [12]
<../Figures/Sans_l√©gendes/Table2.png, id=324, 433.62pt x 409.53pt>
File: ../Figures/Sans_l√©gendes/Table2.png Graphic file (type png)
<use ../Figures/Sans_l√©gendes/Table2.png>
Package pdftex.def Info: ../Figures/Sans_l√©gendes/Table2.png  used on input line 274.
(pdftex.def)             Requested size: 227.62082pt x 214.97522pt.
 [13 <../Figures/Sans_l√©gendes/Table2.png>] [14]
<../Figures/Sans_l√©gendes/Fig2_remix.png, id=340, 1356.06625pt x 776.9025pt>
File: ../Figures/Sans_l√©gendes/Fig2_remix.png Graphic file (type png)
<use ../Figures/Sans_l√©gendes/Fig2_remix.png>
Package pdftex.def Info: ../Figures/Sans_l√©gendes/Fig2_remix.png  used on input line 317.
(pdftex.def)             Requested size: 455.242pt x 260.81221pt.
 [15] [16 <../Figures/Sans_l√©gendes/Fig2_remix.png>]
<../Figures/Sans_l√©gendes/Fig3_final.png, id=353, 1363.0925pt x 376.40625pt>
File: ../Figures/Sans_l√©gendes/Fig3_final.png Graphic file (type png)
<use ../Figures/Sans_l√©gendes/Fig3_final.png>
Package pdftex.def Info: ../Figures/Sans_l√©gendes/Fig3_final.png  used on input line 328.
(pdftex.def)             Requested size: 455.25049pt x 125.71349pt.
<../Figures/Sans_l√©gendes/Fig4.png, id=354, 1388.18625pt x 524.96124pt>
File: ../Figures/Sans_l√©gendes/Fig4.png Graphic file (type png)
<use ../Figures/Sans_l√©gendes/Fig4.png>
Package pdftex.def Info: ../Figures/Sans_l√©gendes/Fig4.png  used on input line 339.
(pdftex.def)             Requested size: 455.24332pt x 172.15636pt.
 [17 <../Figures/Sans_l√©gendes/Fig3_final.png>]
<../Figures/Sans_l√©gendes/Fig5_annot_tum.png, id=361, 1389.19pt x 362.35374pt>
File: ../Figures/Sans_l√©gendes/Fig5_annot_tum.png Graphic file (type png)
<use ../Figures/Sans_l√©gendes/Fig5_annot_tum.png>
Package pdftex.def Info: ../Figures/Sans_l√©gendes/Fig5_annot_tum.png  used on input line 348.
(pdftex.def)             Requested size: 455.23334pt x 118.74222pt.
 [18 <../Figures/Sans_l√©gendes/Fig4.png> <../Figures/Sans_l√©gendes/Fig5_annot_tum.png>]
<../Figures/Sans_l√©gendes/Heatmap_all.png, id=368, 1395.2125pt x 708.6475pt>
File: ../Figures/Sans_l√©gendes/Heatmap_all.png Graphic file (type png)
<use ../Figures/Sans_l√©gendes/Heatmap_all.png>
Package pdftex.def Info: ../Figures/Sans_l√©gendes/Heatmap_all.png  used on input line 363.
(pdftex.def)             Requested size: 455.24828pt x 231.22682pt.

Overfull \hbox (0.16954pt too wide) in paragraph at lines 370--371
 []\T1/lmr/bx/n/10.95 Normalisation intra-patiente et inter-compartiments.[] \T1/lmr/m/n/10.95 Nous tra-vaillons ici avec des spots
 []

[19 <../Figures/Sans_l√©gendes/Heatmap_all.png>]
<../Figures/Sans_l√©gendes/Fig7_remix.png, id=376, 1093.08376pt x 779.91376pt>
File: ../Figures/Sans_l√©gendes/Fig7_remix.png Graphic file (type png)
<use ../Figures/Sans_l√©gendes/Fig7_remix.png>
Package pdftex.def Info: ../Figures/Sans_l√©gendes/Fig7_remix.png  used on input line 374.
(pdftex.def)             Requested size: 455.23918pt x 324.81253pt.
 [20 <../Figures/Sans_l√©gendes/Fig7_remix.png>]
<../Figures/Sans_l√©gendes/Volcano.png, id=384, 1387.1825pt x 708.6475pt>
File: ../Figures/Sans_l√©gendes/Volcano.png Graphic file (type png)
<use ../Figures/Sans_l√©gendes/Volcano.png>
Package pdftex.def Info: ../Figures/Sans_l√©gendes/Volcano.png  used on input line 387.
(pdftex.def)             Requested size: 455.23164pt x 232.55682pt.
LaTeX Font Info:    External font `lmex10' loaded for size
(Font)              <9> on input line 388.
LaTeX Font Info:    External font `lmex10' loaded for size
(Font)              <5> on input line 388.
<../Figures/Sans_l√©gendes/Corrplot_remix.png, id=385, 1015.795pt x 776.9025pt>
File: ../Figures/Sans_l√©gendes/Corrplot_remix.png Graphic file (type png)
<use ../Figures/Sans_l√©gendes/Corrplot_remix.png>
Package pdftex.def Info: ../Figures/Sans_l√©gendes/Corrplot_remix.png  used on input line 396.
(pdftex.def)             Requested size: 455.24356pt x 348.18034pt.
 [21 <../Figures/Sans_l√©gendes/Volcano.png>] [22 <../Figures/Sans_l√©gendes/Corrplot_remix.png>]
Underfull \hbox (badness 10000) in paragraph at lines 416--418

 []


Underfull \hbox (badness 10000) in paragraph at lines 419--420

 []


Underfull \hbox (badness 10000) in paragraph at lines 421--422

 []

[23]
Underfull \hbox (badness 10000) in paragraph at lines 423--424

 []


Underfull \hbox (badness 10000) in paragraph at lines 425--426

 []


Underfull \hbox (badness 10000) in paragraph at lines 427--428

 []

[24]
Underfull \hbox (badness 10000) in paragraph at lines 429--430

 []


Underfull \hbox (badness 10000) in paragraph at lines 431--432

 []


Underfull \hbox (badness 10000) in paragraph at lines 433--434

 []


Underfull \hbox (badness 10000) in paragraph at lines 435--436

 []

[25] [26] [27] (/mnt/datadisk/Jordan/Delivrables/Rapports/Rapport_stage/LATEX_rapport_stage/main.bbl
LaTeX Font Info:    Trying to load font information for T1+lmtt on input line 7.
 (/usr/share/texmf/tex/latex/lm/t1lmtt.fd
File: t1lmtt.fd 2009/10/30 v1.6 Font defs for Latin Modern
)
Underfull \hbox (badness 10000) in paragraph at lines 12--18
\T1/lmtt/m/n/10.95 cancer / breast-[]cancer / about / types-[]of-[]breast-[]cancer / triple-[]negative . html$[]\T1/lmr/m/n/10.95 ,
 []


Underfull \hbox (badness 10000) in paragraph at lines 43--50
[]\T1/lmr/m/n/10.95 CNRS.  Est-ce qu'une di-vi-sion change les Ètapes de re-pro-gram-ma-
 []


Underfull \hbox (badness 10000) in paragraph at lines 43--50
\T1/lmr/m/n/10.95 tion pour une cel-lule ?  []$\T1/lmtt/m/n/10.95 https : / / www . insb . cnrs . fr / fr / cnrsinfo /
 []


Overfull \hbox (6.96082pt too wide) in paragraph at lines 43--50
\T1/lmtt/m/n/10.95 est-[]ce-[]quune-[]division-[]change-[]les-[]etapes-[]de-[]reprogrammation-[]pour-[]une-[]cellule$[]\T1/lmr/m/n/10.95 ,
 []


Underfull \hbox (badness 10000) in paragraph at lines 52--58
[]\T1/lmr/m/n/10.95 Centre LÈon BÈ-rard.  Le centre de res-sources bio-lo-giques du clb.
 []


Underfull \hbox (badness 10000) in paragraph at lines 52--58
[]$\T1/lmtt/m/n/10.95 https : / / www . centreleonberard . fr / professionnel-[]de-[]sante-[]chercheur /
 []


Underfull \hbox (badness 10000) in paragraph at lines 52--58
\T1/lmtt/m/n/10.95 recherche-[]contre-[]le-[]cancer / recherche-[]translationnelle /
 []


Underfull \hbox (badness 10000) in paragraph at lines 60--66
\T1/lmtt/m/n/10.95 sequencing / ngs-[]library-[]prep / multiplexing / unique-[]molecular-[]identifiers . html$[]\T1/lmr/m/n/10.95 ,
 []


Overfull \hbox (173.67409pt too wide) in paragraph at lines 68--75
\T1/lmtt/m/n/10.95 spatially-[]resolved-[]transcriptomics-[]an-[]introductory-[]overview-[]of-[]spatial-[]gene-[]expression-[]profiling-[]methods$[]\T1/lmr/m/n/10.95 ,
 []

[28]
Underfull \hbox (badness 3396) in paragraph at lines 113--117
[]\T1/lmr/m/n/10.95 Broad Ins-ti-tute.  in-fercnv of the tri-nity ctat pro-ject.  []$\T1/lmtt/m/n/10.95 https : / / github . com /
 []


Underfull \hbox (badness 10000) in paragraph at lines 152--158
[]\T1/lmr/m/n/10.95 BRIC Bor-deaux.  Prix ru-ban rose ave-nir ^^U dr mo-nica ar-ne-
 []


Underfull \hbox (badness 10000) in paragraph at lines 152--158
\T1/lmr/m/n/10.95 dos, team 7 (bric).  []$\T1/lmtt/m/n/10.95 https : / / www . bricbordeaux . com / en / 2025 / 02 /
 []


Underfull \hbox (badness 4981) in paragraph at lines 152--158
\T1/lmtt/m/n/10.95 prix-[]ruban-[]rose-[]avenir-[]dr-[]monica-[]arnedos-[]team-[]7-[]bric/$[]\T1/lmr/m/n/10.95 , 2025.  ConsultÈ le
 []


Underfull \hbox (badness 2772) in paragraph at lines 172--178
\T1/lmr/m/n/10.95 de l'en-vi-ron-ne-ment tu-mo-ral.  []$\T1/lmtt/m/n/10.95 https : / / www . fondation-[]arc . org / actualites / 2020 /
 []

)
Package atveryend Info: Empty hook `BeforeClearDocument' on input line 459.
 [29]
Package atveryend Info: Empty hook `AfterLastShipout' on input line 459.
 (/mnt/datadisk/Jordan/Delivrables/Rapports/Rapport_stage/LATEX_rapport_stage/main.aux)
Package atveryend Info: Executing hook `AtVeryEndDocument' on input line 459.
Package atveryend Info: Executing hook `AtEndAfterFileList' on input line 459.
Package rerunfilecheck Info: File `main.out' has not changed.
(rerunfilecheck)             Checksum: 7EA7ACA2D07AD323629A7275E987D7DD;2735.
Package atveryend Info: Empty hook `AtVeryVeryEnd' on input line 459.
 ) 
Here is how much of TeX's memory you used:
 8872 strings out of 481239
 140898 string characters out of 5920377
 415224 words of memory out of 5000000
 23832 multiletter control sequences out of 15000+600000
 608160 words of font info for 61 fonts, out of 8000000 for 9000
 1141 hyphenation exceptions out of 8191
 41i,5n,42p,2874b,490s stack positions out of 5000i,500n,10000p,200000b,80000s
{/usr/share/texmf/fonts/enc/dvips/lm/lm-ec.enc}{/usr/share/texmf/fonts/enc/dvips/lm/lm-mathsy.enc}{/usr/share/texmf/fonts/enc/dvips/lm/lm-mathit.enc}{/usr/share/texmf/fonts/enc/dvips/lm/lm-ts1.enc}</usr/share/texmf/fonts/type1/public/lm/lmbx10.pfb></usr/share/texmf/fonts/type1/public/lm/lmbx12.pfb></usr/share/texmf/fonts/type1/public/lm/lmbx9.pfb></usr/share/texmf/fonts/type1/public/lm/lmbxi10.pfb></usr/share/texmf/fonts/type1/public/lm/lmcsc10.pfb></usr/share/texmf/fonts/type1/public/lm/lmmi10.pfb></usr/share/texmf/fonts/type1/public/lm/lmmi9.pfb></usr/share/texmf/fonts/type1/public/lm/lmr10.pfb></usr/share/texmf/fonts/type1/public/lm/lmr12.pfb></usr/share/texmf/fonts/type1/public/lm/lmr9.pfb></usr/share/texmf/fonts/type1/public/lm/lmri10.pfb></usr/share/texmf/fonts/type1/public/lm/lmri9.pfb></usr/share/texmf/fonts/type1/public/lm/lmsy9.pfb></usr/share/texmf/fonts/type1/public/lm/lmtt10.pfb>
Output written on /mnt/datadisk/Jordan/Delivrables/Rapports/Rapport_stage/LATEX_rapport_stage/main.pdf (31 pages, 4259824 bytes).
PDF statistics:
 549 PDF objects out of 1000 (max. 8388607)
 474 compressed objects within 5 object streams
 116 named destinations out of 1000 (max. 500000)
 333 words of extra memory for PDF output out of 10000 (max. 10000000)

